<?xml version="1.0" encoding="UTF-8"?>
<robot generator="Robot 3.2.1 (Python 3.8.3 on win32)" generated="20200707 14:43:56.622" rpa="false">
<suite id="s1" name="TestCasesBDDExemplo" source="C:\Users\ariane.madureira\Documents\SONAE\testesrobotframework-master\testesrobotframework-master\Demos\DemoWeb\testes\TestCasesBDDExemplo.robot">
<test id="s1-t1" name="Cenário 01: Pesquisar postagem Season Premiere">
<kw name="Given que esteja na tela HOME do blog robotizando testes" library="ResourceBDD">
<kw name="Open Browser" library="SeleniumLibrary">
<doc>Opens a new browser instance to the optional ``url``.</doc>
<arguments>
<arg>${URL}</arg>
<arg>${BROWSER}</arg>
</arguments>
<msg timestamp="20200707 14:43:58.648" level="INFO">Opening browser 'chrome' to base url 'https://robotizandotestes.blogspot.com.br/'.</msg>
<status status="PASS" starttime="20200707 14:43:58.648" endtime="20200707 14:44:12.624"></status>
</kw>
<kw name="Wait Until Element Is Visible" library="SeleniumLibrary">
<doc>Waits until the element ``locator`` is visible.</doc>
<arguments>
<arg>${CABEÇALHO}</arg>
</arguments>
<status status="PASS" starttime="20200707 14:44:12.624" endtime="20200707 14:44:12.674"></status>
</kw>
<kw name="Title Should Be" library="SeleniumLibrary">
<doc>Verifies that the current page title equals ``title``.</doc>
<arguments>
<arg>Robotizando Testes</arg>
</arguments>
<msg timestamp="20200707 14:44:12.679" level="INFO">Page title is 'Robotizando Testes'.</msg>
<status status="PASS" starttime="20200707 14:44:12.674" endtime="20200707 14:44:12.679"></status>
</kw>
<status status="PASS" starttime="20200707 14:43:58.648" endtime="20200707 14:44:12.679"></status>
</kw>
<kw name="When pesquisar pela palavra &quot;introdução ao robot framework&quot;" library="ResourceBDD">
<kw name="Click Element" library="SeleniumLibrary">
<doc>Click the element identified by ``locator``.</doc>
<arguments>
<arg>${BOTAO_LUPA}</arg>
</arguments>
<msg timestamp="20200707 14:44:12.680" level="INFO">Clicking element 'css=.search-expand.touch-icon-button'.</msg>
<status status="PASS" starttime="20200707 14:44:12.679" endtime="20200707 14:44:12.806"></status>
</kw>
<kw name="Input Text" library="SeleniumLibrary">
<doc>Types the given ``text`` into the text field identified by ``locator``.</doc>
<arguments>
<arg>${CAMPO_PESQUISAR}</arg>
<arg>${BUSCA}</arg>
</arguments>
<msg timestamp="20200707 14:44:12.807" level="INFO">Typing text 'introdução ao robot framework' into text field 'css=.search-input&gt;input'.</msg>
<status status="PASS" starttime="20200707 14:44:12.806" endtime="20200707 14:44:13.143"></status>
</kw>
<kw name="Sleep" library="BuiltIn">
<doc>Pauses the test executed for the given time.</doc>
<arguments>
<arg>2s</arg>
</arguments>
<msg timestamp="20200707 14:44:15.143" level="INFO">Slept 2 seconds</msg>
<status status="PASS" starttime="20200707 14:44:13.143" endtime="20200707 14:44:15.143"></status>
</kw>
<kw name="Click Element" library="SeleniumLibrary">
<doc>Click the element identified by ``locator``.</doc>
<arguments>
<arg>${BOTAO_PESQUISAR}</arg>
</arguments>
<msg timestamp="20200707 14:44:15.143" level="INFO">Clicking element 'css=.search-action.flat-button'.</msg>
<status status="PASS" starttime="20200707 14:44:15.143" endtime="20200707 14:44:16.480"></status>
</kw>
<kw name="Wait Until Element Is Visible" library="SeleniumLibrary">
<doc>Waits until the element ``locator`` is visible.</doc>
<arguments>
<arg>${LINK_POST}</arg>
</arguments>
<status status="PASS" starttime="20200707 14:44:16.480" endtime="20200707 14:44:16.512"></status>
</kw>
<status status="PASS" starttime="20200707 14:44:12.679" endtime="20200707 14:44:16.513"></status>
</kw>
<kw name="Then a postagem &quot;Season Premiere: Introdução ao Robot Framework&quot; deve ser listada no resultado da pesquisa" library="ResourceBDD">
<kw name="Page Should Contain" library="SeleniumLibrary">
<doc>Verifies that current page contains ``text``.</doc>
<arguments>
<arg>${TITULO_POSTAGEM}</arg>
</arguments>
<msg timestamp="20200707 14:44:16.528" level="INFO">Current page contains text 'Season Premiere: Introdução ao Robot Framework'.</msg>
<status status="PASS" starttime="20200707 14:44:16.513" endtime="20200707 14:44:16.528"></status>
</kw>
<status status="PASS" starttime="20200707 14:44:16.513" endtime="20200707 14:44:16.528"></status>
</kw>
<status status="PASS" starttime="20200707 14:43:58.647" endtime="20200707 14:44:16.529" critical="yes"></status>
</test>
<test id="s1-t2" name="Cenário 02: Ler postagem Season Premiere">
<kw name="Given que esteja na tela de resultado da pesquisa pela postagem &quot;Season Premiere: Introdução ao Robot Framework&quot;" library="ResourceBDD">
<kw name="Page Should Contain" library="SeleniumLibrary">
<doc>Verifies that current page contains ``text``.</doc>
<arguments>
<arg>${TITULO_POSTAGEM}</arg>
</arguments>
<msg timestamp="20200707 14:44:16.559" level="INFO">Current page contains text 'Season Premiere: Introdução ao Robot Framework'.</msg>
<status status="PASS" starttime="20200707 14:44:16.545" endtime="20200707 14:44:16.559"></status>
</kw>
<status status="PASS" starttime="20200707 14:44:16.544" endtime="20200707 14:44:16.559"></status>
</kw>
<kw name="When clicar no link da postagem" library="ResourceBDD">
<kw name="Click Element" library="SeleniumLibrary">
<doc>Click the element identified by ``locator``.</doc>
<arguments>
<arg>${LINK_POST}</arg>
</arguments>
<msg timestamp="20200707 14:44:16.560" level="INFO">Clicking element 'xpath=.//*[@id='Blog1']/div[1]/article/div/div/h3/a'.</msg>
<status status="PASS" starttime="20200707 14:44:16.559" endtime="20200707 14:44:18.869"></status>
</kw>
<kw name="Sleep" library="BuiltIn">
<doc>Pauses the test executed for the given time.</doc>
<arguments>
<arg>2s</arg>
</arguments>
<msg timestamp="20200707 14:44:20.869" level="INFO">Slept 2 seconds</msg>
<status status="PASS" starttime="20200707 14:44:18.869" endtime="20200707 14:44:20.869"></status>
</kw>
<status status="PASS" starttime="20200707 14:44:16.559" endtime="20200707 14:44:20.869"></status>
</kw>
<kw name="Then a tela da postagem &quot;Season Premiere: Introdução ao Robot Framework&quot; deve ser mostrada" library="ResourceBDD">
<kw name="Wait Until Element Is Visible" library="SeleniumLibrary">
<doc>Waits until the element ``locator`` is visible.</doc>
<arguments>
<arg>${TITULO}</arg>
</arguments>
<status status="PASS" starttime="20200707 14:44:20.869" endtime="20200707 14:44:20.891"></status>
</kw>
<kw name="Title Should Be" library="SeleniumLibrary">
<doc>Verifies that the current page title equals ``title``.</doc>
<arguments>
<arg>${TITULO_POSTAGEM}</arg>
</arguments>
<msg timestamp="20200707 14:44:20.895" level="INFO">Page title is 'Season Premiere: Introdução ao Robot Framework'.</msg>
<status status="PASS" starttime="20200707 14:44:20.891" endtime="20200707 14:44:20.895"></status>
</kw>
<kw name="Sleep" library="BuiltIn">
<doc>Pauses the test executed for the given time.</doc>
<arguments>
<arg>2s</arg>
</arguments>
<msg timestamp="20200707 14:44:22.898" level="INFO">Slept 2 seconds</msg>
<status status="PASS" starttime="20200707 14:44:20.896" endtime="20200707 14:44:22.898"></status>
</kw>
<status status="PASS" starttime="20200707 14:44:20.869" endtime="20200707 14:44:22.898"></status>
</kw>
<status status="PASS" starttime="20200707 14:44:16.543" endtime="20200707 14:44:22.898" critical="yes"></status>
</test>
<kw name="Fechar Navegador" library="ResourceBDD" type="teardown">
<kw name="Close Browser" library="SeleniumLibrary">
<doc>Closes the current browser.</doc>
<status status="PASS" starttime="20200707 14:44:22.900" endtime="20200707 14:44:25.262"></status>
</kw>
<status status="PASS" starttime="20200707 14:44:22.899" endtime="20200707 14:44:25.262"></status>
</kw>
<status status="PASS" starttime="20200707 14:43:56.625" endtime="20200707 14:44:25.262"></status>
</suite>
<statistics>
<total>
<stat pass="2" fail="0">Critical Tests</stat>
<stat pass="2" fail="0">All Tests</stat>
</total>
<tag>
</tag>
<suite>
<stat pass="2" fail="0" id="s1" name="TestCasesBDDExemplo">TestCasesBDDExemplo</stat>
</suite>
</statistics>
<errors>
</errors>
</robot>
